0 info it worked if it ends with ok
1 verbose cli [ '/usr/local/bin/node',
1 verbose cli   '/usr/local/bin/npm',
1 verbose cli   'run',
1 verbose cli   'testonly',
1 verbose cli   '--',
1 verbose cli   './test/output-app-end-to-end' ]
2 info using npm@3.10.8
3 info using node@v7.0.0
4 verbose run-script [ 'pretestonly', 'testonly', 'posttestonly' ]
5 info lifecycle create-graphql-server@0.5.3~pretestonly: create-graphql-server@0.5.3
6 silly lifecycle create-graphql-server@0.5.3~pretestonly: no script for pretestonly, continuing
7 info lifecycle create-graphql-server@0.5.3~testonly: create-graphql-server@0.5.3
8 verbose lifecycle create-graphql-server@0.5.3~testonly: unsafe-perm in lifecycle true
9 verbose lifecycle create-graphql-server@0.5.3~testonly: PATH: /usr/local/lib/node_modules/npm/bin/node-gyp-bin:/Users/Toby/MICRO/create-graphql-server-3/node_modules/.bin:/Users/Toby/MICRO/create-graphql-server-3/node_modules/.bin:/Users/Toby/.config/yarn/link/node_modules/.bin:/Users/Toby/MICRO/create-graphql-server-3/node_modules/.bin:/Users/Toby/.config/yarn/link/node_modules/.bin:/usr/local/Cellar/yarn/0.17.10/libexec/lib/node_modules/yarn/bin/node-gyp-bin:/usr/local/bin:/usr/bin:/bin:/usr/sbin:/sbin:/usr/local/share/dotnet:/Library/Frameworks/Mono.framework/Versions/Current/Commands:/Users/Toby/.nvm/versions/node/v7.0.0/bin:/Library/Frameworks/Python.framework/Versions/2.7/bin:~/Library/Android/sdk/tools:~/Library/Android/sdk/platform-tools:/usr/local/terraform/bin:/Users/Toby/terraform:/Applications/MAMP/bin/php/php7.0.8/bin:/Library/Frameworks/Python.framework/Versions/3.5/bin
10 verbose lifecycle create-graphql-server@0.5.3~testonly: CWD: /Users/Toby/MICRO/create-graphql-server-3
11 silly lifecycle create-graphql-server@0.5.3~testonly: Args: [ '-c',
11 silly lifecycle   'mocha --require babel-register "./test/output-app-end-to-end"' ]
12 silly lifecycle create-graphql-server@0.5.3~testonly: Returned: code: 3  signal: null
13 info lifecycle create-graphql-server@0.5.3~testonly: Failed to exec testonly script
14 verbose stack Error: create-graphql-server@0.5.3 testonly: `mocha --require babel-register "./test/output-app-end-to-end"`
14 verbose stack Exit status 3
14 verbose stack     at EventEmitter.<anonymous> (/usr/local/lib/node_modules/npm/lib/utils/lifecycle.js:255:16)
14 verbose stack     at emitTwo (events.js:106:13)
14 verbose stack     at EventEmitter.emit (events.js:191:7)
14 verbose stack     at ChildProcess.<anonymous> (/usr/local/lib/node_modules/npm/lib/utils/spawn.js:40:14)
14 verbose stack     at emitTwo (events.js:106:13)
14 verbose stack     at ChildProcess.emit (events.js:191:7)
14 verbose stack     at maybeClose (internal/child_process.js:877:16)
14 verbose stack     at Process.ChildProcess._handle.onexit (internal/child_process.js:226:5)
15 verbose pkgid create-graphql-server@0.5.3
16 verbose cwd /Users/Toby/MICRO/create-graphql-server-3
17 error Darwin 16.7.0
18 error argv "/usr/local/bin/node" "/usr/local/bin/npm" "run" "testonly" "--" "./test/output-app-end-to-end"
19 error node v7.0.0
20 error npm  v3.10.8
21 error code ELIFECYCLE
22 error create-graphql-server@0.5.3 testonly: `mocha --require babel-register "./test/output-app-end-to-end"`
22 error Exit status 3
23 error Failed at the create-graphql-server@0.5.3 testonly script 'mocha --require babel-register "./test/output-app-end-to-end"'.
23 error Make sure you have the latest version of node.js and npm installed.
23 error If you do, this is most likely a problem with the create-graphql-server package,
23 error not with npm itself.
23 error Tell the author that this fails on your system:
23 error     mocha --require babel-register "./test/output-app-end-to-end"
23 error You can get information on how to open an issue for this project with:
23 error     npm bugs create-graphql-server
23 error Or if that isn't available, you can get their info via:
23 error     npm owner ls create-graphql-server
23 error There is likely additional logging output above.
24 verbose exit [ 1, true ]
